<?xml version="1.0" encoding="UTF-8"?>
<testsuite xmlns:xsi="http://www.w3.org/2001/XMLSchema-instance" xsi:noNamespaceSchemaLocation="https://maven.apache.org/surefire/maven-surefire-plugin/xsd/surefire-test-report.xsd" version="3.0.2" name="TestSuite" time="2.306" tests="1" errors="0" skipped="0" failures="0">
  <properties>
    <property name="java.specification.version" value="21"/>
    <property name="sun.cpu.isalist" value="amd64"/>
    <property name="sun.jnu.encoding" value="Cp1252"/>
    <property name="java.class.path" value="C:\Users\dheeraj.singh\eclipse-workspace\BddTest\target\test-classes;C:\Users\dheeraj.singh\eclipse-workspace\BddTest\target\classes;C:\Users\dheeraj.singh\.m2\repository\io\cucumber\cucumber-java\7.23.0\cucumber-java-7.23.0.jar;C:\Users\dheeraj.singh\.m2\repository\io\cucumber\cucumber-core\7.23.0\cucumber-core-7.23.0.jar;C:\Users\dheeraj.singh\.m2\repository\io\cucumber\cucumber-gherkin\7.23.0\cucumber-gherkin-7.23.0.jar;C:\Users\dheeraj.singh\.m2\repository\io\cucumber\cucumber-gherkin-messages\7.23.0\cucumber-gherkin-messages-7.23.0.jar;C:\Users\dheeraj.singh\.m2\repository\io\cucumber\gherkin\32.1.1\gherkin-32.1.1.jar;C:\Users\dheeraj.singh\.m2\repository\io\cucumber\messages\27.2.0\messages-27.2.0.jar;C:\Users\dheeraj.singh\.m2\repository\io\cucumber\testng-xml-formatter\0.3.1\testng-xml-formatter-0.3.1.jar;C:\Users\dheeraj.singh\.m2\repository\io\cucumber\query\13.5.0\query-13.5.0.jar;C:\Users\dheeraj.singh\.m2\repository\io\cucumber\tag-expressions\6.1.2\tag-expressions-6.1.2.jar;C:\Users\dheeraj.singh\.m2\repository\io\cucumber\cucumber-expressions\18.0.1\cucumber-expressions-18.0.1.jar;C:\Users\dheeraj.singh\.m2\repository\io\cucumber\datatable\7.23.0\datatable-7.23.0.jar;C:\Users\dheeraj.singh\.m2\repository\io\cucumber\cucumber-plugin\7.23.0\cucumber-plugin-7.23.0.jar;C:\Users\dheeraj.singh\.m2\repository\io\cucumber\docstring\7.23.0\docstring-7.23.0.jar;C:\Users\dheeraj.singh\.m2\repository\io\cucumber\html-formatter\21.10.1\html-formatter-21.10.1.jar;C:\Users\dheeraj.singh\.m2\repository\io\cucumber\junit-xml-formatter\0.7.1\junit-xml-formatter-0.7.1.jar;C:\Users\dheeraj.singh\.m2\repository\io\cucumber\ci-environment\10.0.1\ci-environment-10.0.1.jar;C:\Users\dheeraj.singh\.m2\repository\org\apiguardian\apiguardian-api\1.1.2\apiguardian-api-1.1.2.jar;C:\Users\dheeraj.singh\.m2\repository\org\testng\testng\7.7.1\testng-7.7.1.jar;C:\Users\dheeraj.singh\.m2\repository\org\slf4j\slf4j-api\1.7.36\slf4j-api-1.7.36.jar;C:\Users\dheeraj.singh\.m2\repository\com\beust\jcommander\1.82\jcommander-1.82.jar;C:\Users\dheeraj.singh\.m2\repository\org\webjars\jquery\3.6.1\jquery-3.6.1.jar;C:\Users\dheeraj.singh\.m2\repository\io\cucumber\cucumber-testng\7.23.0\cucumber-testng-7.23.0.jar;"/>
    <property name="java.vm.vendor" value="Oracle Corporation"/>
    <property name="sun.arch.data.model" value="64"/>
    <property name="user.variant" value=""/>
    <property name="java.vendor.url" value="https://java.oracle.com/"/>
    <property name="user.timezone" value="Asia/Calcutta"/>
    <property name="os.name" value="Windows 10"/>
    <property name="java.vm.specification.version" value="21"/>
    <property name="sun.java.launcher" value="SUN_STANDARD"/>
    <property name="user.country" value="IN"/>
    <property name="sun.boot.library.path" value="C:\Program Files\Java\jdk-21.0.6\bin"/>
    <property name="sun.java.command" value="C:\Users\dheeraj.singh\AppData\Local\Temp\surefire11845099045317336075\surefirebooter-20250716231014928_3.jar C:\Users\dheeraj.singh\AppData\Local\Temp\surefire11845099045317336075 2025-07-16T23-10-14_515-jvmRun1 surefire-20250716231014928_1tmp surefire_0-20250716231014928_2tmp"/>
    <property name="jdk.debug" value="release"/>
    <property name="surefire.test.class.path" value="C:\Users\dheeraj.singh\eclipse-workspace\BddTest\target\test-classes;C:\Users\dheeraj.singh\eclipse-workspace\BddTest\target\classes;C:\Users\dheeraj.singh\.m2\repository\io\cucumber\cucumber-java\7.23.0\cucumber-java-7.23.0.jar;C:\Users\dheeraj.singh\.m2\repository\io\cucumber\cucumber-core\7.23.0\cucumber-core-7.23.0.jar;C:\Users\dheeraj.singh\.m2\repository\io\cucumber\cucumber-gherkin\7.23.0\cucumber-gherkin-7.23.0.jar;C:\Users\dheeraj.singh\.m2\repository\io\cucumber\cucumber-gherkin-messages\7.23.0\cucumber-gherkin-messages-7.23.0.jar;C:\Users\dheeraj.singh\.m2\repository\io\cucumber\gherkin\32.1.1\gherkin-32.1.1.jar;C:\Users\dheeraj.singh\.m2\repository\io\cucumber\messages\27.2.0\messages-27.2.0.jar;C:\Users\dheeraj.singh\.m2\repository\io\cucumber\testng-xml-formatter\0.3.1\testng-xml-formatter-0.3.1.jar;C:\Users\dheeraj.singh\.m2\repository\io\cucumber\query\13.5.0\query-13.5.0.jar;C:\Users\dheeraj.singh\.m2\repository\io\cucumber\tag-expressions\6.1.2\tag-expressions-6.1.2.jar;C:\Users\dheeraj.singh\.m2\repository\io\cucumber\cucumber-expressions\18.0.1\cucumber-expressions-18.0.1.jar;C:\Users\dheeraj.singh\.m2\repository\io\cucumber\datatable\7.23.0\datatable-7.23.0.jar;C:\Users\dheeraj.singh\.m2\repository\io\cucumber\cucumber-plugin\7.23.0\cucumber-plugin-7.23.0.jar;C:\Users\dheeraj.singh\.m2\repository\io\cucumber\docstring\7.23.0\docstring-7.23.0.jar;C:\Users\dheeraj.singh\.m2\repository\io\cucumber\html-formatter\21.10.1\html-formatter-21.10.1.jar;C:\Users\dheeraj.singh\.m2\repository\io\cucumber\junit-xml-formatter\0.7.1\junit-xml-formatter-0.7.1.jar;C:\Users\dheeraj.singh\.m2\repository\io\cucumber\ci-environment\10.0.1\ci-environment-10.0.1.jar;C:\Users\dheeraj.singh\.m2\repository\org\apiguardian\apiguardian-api\1.1.2\apiguardian-api-1.1.2.jar;C:\Users\dheeraj.singh\.m2\repository\org\testng\testng\7.7.1\testng-7.7.1.jar;C:\Users\dheeraj.singh\.m2\repository\org\slf4j\slf4j-api\1.7.36\slf4j-api-1.7.36.jar;C:\Users\dheeraj.singh\.m2\repository\com\beust\jcommander\1.82\jcommander-1.82.jar;C:\Users\dheeraj.singh\.m2\repository\org\webjars\jquery\3.6.1\jquery-3.6.1.jar;C:\Users\dheeraj.singh\.m2\repository\io\cucumber\cucumber-testng\7.23.0\cucumber-testng-7.23.0.jar;"/>
    <property name="sun.cpu.endian" value="little"/>
    <property name="user.home" value="C:\Users\dheeraj.singh"/>
    <property name="user.language" value="en"/>
    <property name="java.specification.vendor" value="Oracle Corporation"/>
    <property name="java.version.date" value="2025-01-21"/>
    <property name="java.home" value="C:\Program Files\Java\jdk-21.0.6"/>
    <property name="file.separator" value="\"/>
    <property name="basedir" value="C:\Users\dheeraj.singh\eclipse-workspace\BddTest"/>
    <property name="java.vm.compressedOopsMode" value="Zero based"/>
    <property name="line.separator" value="&#10;"/>
    <property name="java.vm.specification.vendor" value="Oracle Corporation"/>
    <property name="java.specification.name" value="Java Platform API Specification"/>
    <property name="surefire.real.class.path" value="C:\Users\dheeraj.singh\AppData\Local\Temp\surefire11845099045317336075\surefirebooter-20250716231014928_3.jar"/>
    <property name="user.script" value=""/>
    <property name="sun.management.compiler" value="HotSpot 64-Bit Tiered Compilers"/>
    <property name="java.runtime.version" value="21.0.6+8-LTS-188"/>
    <property name="user.name" value="dheeraj.singh"/>
    <property name="stdout.encoding" value="Cp1252"/>
    <property name="path.separator" value=";"/>
    <property name="os.version" value="10.0"/>
    <property name="java.runtime.name" value="Java(TM) SE Runtime Environment"/>
    <property name="file.encoding" value="UTF-8"/>
    <property name="java.vm.name" value="Java HotSpot(TM) 64-Bit Server VM"/>
    <property name="localRepository" value="C:\Users\dheeraj.singh\.m2\repository"/>
    <property name="java.vendor.url.bug" value="https://bugreport.java.com/bugreport/"/>
    <property name="java.io.tmpdir" value="C:\Users\DHEERA~1.SIN\AppData\Local\Temp\"/>
    <property name="java.version" value="21.0.6"/>
    <property name="user.dir" value="C:\Users\dheeraj.singh\eclipse-workspace\BddTest"/>
    <property name="os.arch" value="amd64"/>
    <property name="java.vm.specification.name" value="Java Virtual Machine Specification"/>
    <property name="sun.os.patch.level" value=""/>
    <property name="native.encoding" value="Cp1252"/>
    <property name="java.library.path" value="C:\Program Files\Java\jdk-21.0.6\bin;C:\Windows\Sun\Java\bin;C:\Windows\system32;C:\Windows;C:\Windows\system32;C:\Windows;C:\Windows\System32\Wbem;C:\Windows\System32\WindowsPowerShell\v1.0\;C:\Windows\System32\OpenSSH\;C:\Program Files\Git\cmd;C:\Users\dheeraj.singh\Downloads\allure-commandline-2.13.0\allure-2.13.0\bin;C:\Users\dheeraj.singh\Downloads\apache-maven-3.9.6-bin\apache-maven-3.9.6\bin;C:\Program Files\nodejs\;C:\SoftHSM2\lib;C:\SoftHSM2\bin;C:\Program Files\OpenSC Project\OpenSC\tools;C:\Users\dheeraj.singh\AppData\Local\Programs\Python\Python311\Scripts\;C:\Users\dheeraj.singh\AppData\Local\Programs\Python\Python311\;C:\Users\dheeraj.singh\AppData\Local\Programs\Python\Launcher\;C:\Users\dheeraj.singh\AppData\Local\Microsoft\WindowsApps;C:\Users\dheeraj.singh\AppData\Roaming\npm;C:\Users\dheeraj.singh\AppData\Local\Programs\Microsoft VS Code\bin;C:\Program Files\nodejs;C:\Program Files\Java\jdk-21.0.6\bin;;."/>
    <property name="java.vm.info" value="mixed mode, sharing"/>
    <property name="stderr.encoding" value="Cp1252"/>
    <property name="java.vendor" value="Oracle Corporation"/>
    <property name="java.vm.version" value="21.0.6+8-LTS-188"/>
    <property name="sun.io.unicode.encoding" value="UnicodeLittle"/>
    <property name="java.class.version" value="65.0"/>
  </properties>
  <testcase name="runScenario[&quot;Login with valid credentials&quot;, &quot;Login functionality validation&quot;](1)" classname="runner.LoginRunner" time="0.225">
    <system-out><![CDATA[Given statement is executing
Entered username
Entered pwd
Clicked on login
Output validated!!!
]]></system-out>
    <system-err><![CDATA[SLF4J: Failed to load class "org.slf4j.impl.StaticLoggerBinder".
SLF4J: Defaulting to no-operation (NOP) logger implementation
SLF4J: See http://www.slf4j.org/codes.html#StaticLoggerBinder for further details.
]]></system-err>
  </testcase>
</testsuite>