<?xml version="1.0" encoding="UTF-8"?>
<!-- Generated by org.testng.reporters.JUnitReportReporter -->
<testsuite hostname="DESKTOP-4A2SBT8" failures="0" tests="3" name="runner.CampaignRunner" time="0.337" errors="0" timestamp="2025-06-26T08:28:14 IST" skipped="0">
  <testcase classname="runner.CampaignRunner" name="runScenario" time="0.017"/>
  <system-out/>
  <testcase classname="runner.CampaignRunner" name="runScenario" time="0.015"/>
  <system-out/>
  <testcase classname="runner.CampaignRunner" name="runScenario" time="0.305"/>
  <system-out/>
</testsuite> <!-- runner.CampaignRunner -->
