<?xml version="1.0" encoding="UTF-8"?>
<!-- Generated by org.testng.reporters.JUnitReportReporter -->
<testsuite hostname="DESKTOP-4A2SBT8" failures="0" tests="1" name="runner.LoginRunner" time="0.207" errors="0" timestamp="2025-07-13T22:05:59 IST" skipped="0">
  <testcase classname="runner.LoginRunner" name="runScenario" time="0.207"/>
  <system-out/>
</testsuite> <!-- runner.LoginRunner -->
