<?xml version="1.0" encoding="UTF-8"?>
<!-- Generated by org.testng.reporters.JUnitReportReporter -->
<testsuite hostname="DESKTOP-4A2SBT8" failures="0" tests="2" name="runner.Scenario_outline_Runner" time="0.241" errors="0" timestamp="2025-06-27T21:21:13 IST" skipped="0">
  <testcase classname="runner.Scenario_outline_Runner" name="runScenario" time="0.233"/>
  <system-out/>
  <testcase classname="runner.Scenario_outline_Runner" name="runScenario" time="0.008"/>
  <system-out/>
</testsuite> <!-- runner.Scenario_outline_Runner -->
