<?xml version="1.0" encoding="UTF-8"?>
<!-- Generated by org.testng.reporters.JUnitReportReporter -->
<testsuite hostname="DESKTOP-4A2SBT8" failures="0" tests="1" name="runner.RegistrationRunner" time="0.362" errors="0" timestamp="2025-06-25T08:34:19 IST" skipped="0">
  <testcase classname="runner.RegistrationRunner" name="runScenario" time="0.362"/>
  <system-out/>
</testsuite> <!-- runner.RegistrationRunner -->
