<?xml version="1.0" encoding="UTF-8"?>
<!-- Generated by org.testng.reporters.JUnitReportReporter -->
<testsuite hostname="DESKTOP-4A2SBT8" failures="0" tests="1" name="runner.LoginRunner" time="0.409" errors="0" timestamp="2025-06-25T08:22:14 IST" skipped="0">
  <testcase classname="runner.LoginRunner" name="runScenario" time="0.409"/>
  <system-out/>
</testsuite> <!-- runner.LoginRunner -->
